29 messages loaded from file messagesTCH.txt
4 messages loaded from file messagesSTD.txt
0 Asserts Loaded
User program list:
	Program[[1;36mprog-V1-E5-b[0m] with arrival time [[1;36m0[0m]
[0m	Program[[1;36mprog-V1-E5-c-pri[0m] with arrival time [[1;36m0[0m]
[0m	Program[[1;36mprogramMEMADD[0m] with arrival time [[1;36m0[0m]
[0m[1;32mProcess [0] created from program [SystemIdleProcess][0m
[0m[1;31mERROR: Program [prog-V1-E5-b] is not valid [--- it does not exists ---][0m
[0m[1;31mERROR: Program [prog-V1-E5-c-pri] is not valid [--- invalid priority or size ---][0m
[0m[1;31mERROR: Program [programMEMADD] is not valid [--- invalid priority or size ---][0m
[0mNew Tick (1)
{0D 000 000} IRET 0 0 (PC: [1;31m3[0m, Accumulator: [1;31m0[0m, PSW: [1;31m0082[0m [[1;31m--------X-----Z-[0m])
[0mNew Tick (2)
{04 003 000} TRAP 3 0 (PC: [1;31m4[0m, Accumulator: [1;31m0[0m, PSW: [1;31m0082[0m [[1;31m--------X-----Z-[0m])
[0mNew Tick (3)
{0C 002 000} OS 2 0 (PC: [1;31m242[0m, Accumulator: [1;31m0[0m, PSW: [1;31m0082[0m [[1;31m--------X-----Z-[0m])
[0mNew Tick (4)
[1;31mProcess [0 - SystemIdleProcess] has requested to terminate[0m
[0m[1;31mThe system will shut down now...
[0m[0mNew Tick (5)
{0D 000 000} IRET 0 0 (PC: [1;31m241[0m, Accumulator: [1;31m0[0m, PSW: [1;31m0082[0m [[1;31m--------X-----Z-[0m])
[0mNew Tick (6)
{0B 000 000} HALT 0 0 (PC: [1;31m241[0m, Accumulator: [1;31m0[0m, PSW: [1;31m0083[0m [[1;31m--------X-----ZS[0m])
[0m[1;31mEND of the simulation
[0m[0m